The HCMV genome (EF999921) has 168 CDS.
target_id test_stat pval qval
ABV71604.1 14.8057478965046 0.000119171718376943 0.0117101351461648
ABV71622.1 14.4989036352943 0.000140241139475027 0.0117101351461648
ABV71560.1 12.8636789858022 0.000335021307457585 0.0167403418305953
ABV71652.1 12.5276850848493 0.000400966271391503 0.0167403418305953
ABV71626.1 11.8132196001856 0.000588116439320767 0.0172288419414497
ABV71651.1 11.5046997812658 0.000694204416808639 0.0172288419414497
ABV71646.1 11.4313112520368 0.000722167027485914 0.0172288419414497
ABV71649.1 11.149751006359 0.000840429529186014 0.017543966421758
ABV71561.1 10.4405032353031 0.00123281676786341 0.02287560002591
ABV71595.1 10.0085965752257 0.00155811210139423 0.0260204720932837
ABV71519.1 8.64358300091449 0.00328215309192936 0.0440891639863644
ABV71596.1 8.57115160859761 0.00341531066724778 0.0440891639863644
ABV71506.1 8.40172361010477 0.00374865408876084 0.0440891639863644
ABV71607.1 8.35147590696779 0.00385374169738034 0.0440891639863644
ABV71635.1 8.3020182488971 0.00396010454967344 0.0440891639863644
ABV71507.1 7.96945392416409 0.00475732882950362 0.0496546196579441

Donor 3 (2dpi) had 2730258.0 read pairs before Bowtie2 filtering and 7728.0 read pairs after.
Donor 1 (6dpi) had 2004530.0 read pairs before Bowtie2 filtering and 6205.0 read pairs after.
Donor 3 (6dpi) had 2476889.0 read pairs before Bowtie2 filtering and 5886.0 read pairs after.
Donor 1 (2dpi) had 2259287.0 read pairs before Bowtie2 filtering and 6891.0 read pairs after.
spades -k 55,77,99,127 -t 2 --only-assembler --pe1-1 full_analysis/filtered_data/SRR5660030.1.fastq --pe1-2 full_analysis/filtered_data/SRR5660030.2.fastq --pe2-1 full_analysis/filtered_data/SRR5660045.1.fastq --pe2-2 full_analysis/filtered_data/SRR5660045.2.fastq --pe3-1 full_analysis/filtered_data/SRR5660044.1.fastq --pe3-2 full_analysis/filtered_data/SRR5660044.2.fastq --pe4-1 full_analysis/filtered_data/SRR5660033.1.fastq --pe4-2 full_analysis/filtered_data/SRR5660033.2.fastq -o full_analysis/spades_assembly/
There are 63 contigs > 1000 bp in the assembly
There are 102658 bp in the assembly.
seq_title	align_len	number_HSPs	topHSP_ident	topHSP_gaps	topHSP_bits	topHSP_expect
gi|1273125815|gb|MF871618.1| Synthetic human betaherpesvirus 5 clone TB40-BAC-KL7-SE, complete sequence	242896	77	6753	0	12179.4	0.0
gi|523510377|gb|KF297339.1| Human herpesvirus 5 strain TB40/E clone Lisa, complete genome	237683	75	6753	0	12179.4	0.0
gi|157779983|gb|EF999921.1| Human herpesvirus 5 strain TB40/E clone TB40-BAC4, complete sequence	229050	75	6753	0	12179.4	0.0
gi|1098408701|gb|KX544839.1| Human herpesvirus 5 isolate TB40-E_UNC, complete genome	228992	75	6751	2	12163.2	0.0
gi|1131740114|gb|KT726951.2| Human betaherpesvirus 5 strain UK/Lon8/Urine/2012, complete genome	235801	75	6749	0	12161.4	0.0
gi|822894182|gb|KP745676.1| Human herpesvirus 5 strain BE/28/2010, complete genome	235974	74	6743	0	12134.4	0.0
gi|1145593888|gb|KY490080.1| Human betaherpesvirus 5 strain HANSCTR1B, complete genome	235688	75	6742	0	12129.8	0.0
gi|822899298|gb|KP745692.1| Human herpesvirus 5 strain BE/3/2012, complete genome	236051	75	6742	0	12129.8	0.0
gi|822893356|gb|KP745673.1| Human herpesvirus 5 strain BE/42/2011, complete genome	235462	75	6742	0	12129.8	0.0
gi|822891796|gb|KP745666.1| Human herpesvirus 5 strain BE/7/2012, complete genome	236053	75	6742	0	12129.8	0.0
